<?xml version="1.0" encoding="UTF-8"?>
<!-- Generated by org.testng.reporters.JUnitXMLReporter -->
<testsuite ignored="0" hostname="LATITUDE" failures="2" tests="5" name="Test" time="0.091" errors="0" timestamp="2025-09-28T09:52:18 IST">
  <testcase classname="pack1.TestClass1" name="testCase1" time="0.01"/>
  <testcase classname="pack1.TestClass1" name="testCase2" time="0.004">
    <failure type="java.lang.AssertionError" message="null">
      <![CDATA[java.lang.AssertionError: null
at pack1.TestClass1.testCase2(TestClass1.java:20)
at java.base/java.util.ArrayList.forEach(ArrayList.java:1596)
... Removed 27 stack frames]]>
    </failure>
  </testcase> <!-- testCase2 -->
  <testcase classname="pack1.TestClass1" name="testCase3" time="0.003"/>
  <testcase classname="pack1.TestClass2" name="testCase4" time="0.004"/>
  <testcase classname="pack1.TestClass2" name="testCase5" time="0.001">
    <failure type="java.lang.AssertionError" message="null">
      <![CDATA[java.lang.AssertionError: null
at pack1.TestClass2.testCase5(TestClass2.java:20)
at java.base/java.util.ArrayList.forEach(ArrayList.java:1596)
... Removed 27 stack frames]]>
    </failure>
  </testcase> <!-- testCase5 -->
</testsuite> <!-- Test -->
