<?xml version="1.0" encoding="UTF-8"?>
<testng-results ignored="0" total="1" passed="1" failed="0" skipped="0">
  <reporter-output>
  </reporter-output>
  <suite started-at="2025-09-21T11:26:27 IST" name="Default suite" finished-at="2025-09-21T11:26:31 IST" duration-ms="4567">
    <groups>
    </groups>
    <test started-at="2025-09-21T11:26:27 IST" name="Default test" finished-at="2025-09-21T11:26:31 IST" duration-ms="4567">
      <class name="pack1.OrangeHrmLogin_TestNg">
        <test-method is-config="true" signature="initTest()[pri:0, instance:pack1.OrangeHrmLogin_TestNg@3bf7ca37]" started-at="2025-09-21T11:26:19 IST" name="initTest" finished-at="2025-09-21T11:26:27 IST" duration-ms="7960" status="PASS">
          <reporter-output>
          </reporter-output>
        </test-method> <!-- initTest -->
        <test-method signature="loginTest()[pri:0, instance:pack1.OrangeHrmLogin_TestNg@3bf7ca37]" started-at="2025-09-21T11:26:27 IST" name="loginTest" finished-at="2025-09-21T11:26:31 IST" duration-ms="4009" status="PASS">
          <reporter-output>
          </reporter-output>
        </test-method> <!-- loginTest -->
        <test-method is-config="true" signature="tearDown()[pri:0, instance:pack1.OrangeHrmLogin_TestNg@3bf7ca37]" started-at="2025-09-21T11:26:31 IST" name="tearDown" finished-at="2025-09-21T11:26:31 IST" duration-ms="444" status="PASS">
          <reporter-output>
          </reporter-output>
        </test-method> <!-- tearDown -->
      </class> <!-- pack1.OrangeHrmLogin_TestNg -->
    </test> <!-- Default test -->
  </suite> <!-- Default suite -->
</testng-results>
