<?xml version="1.0" encoding="UTF-8"?>
<testng-results ignored="1" total="3" passed="2" failed="0" skipped="0">
  <reporter-output>
  </reporter-output>
  <suite started-at="2025-09-20T11:26:04 IST" name="Default suite" finished-at="2025-09-20T11:26:04 IST" duration-ms="91">
    <groups>
    </groups>
    <test started-at="2025-09-20T11:26:04 IST" name="Default test" finished-at="2025-09-20T11:26:04 IST" duration-ms="91">
      <class name="pack1.Class_1">
        <test-method is-config="true" signature="BeforeMethod()[pri:0, instance:pack1.Class_1@77847718]" started-at="2025-09-20T11:26:04 IST" name="BeforeMethod" finished-at="2025-09-20T11:26:04 IST" duration-ms="8" status="PASS">
          <reporter-output>
          </reporter-output>
        </test-method> <!-- BeforeMethod -->
        <test-method signature="xestCase1()[pri:1, instance:pack1.Class_1@77847718]" started-at="2025-09-20T11:26:04 IST" name="xestCase1" finished-at="2025-09-20T11:26:04 IST" duration-ms="10" status="PASS">
          <reporter-output>
          </reporter-output>
        </test-method> <!-- xestCase1 -->
        <test-method is-config="true" signature="AfterMethod()[pri:0, instance:pack1.Class_1@77847718]" started-at="2025-09-20T11:26:04 IST" name="AfterMethod" finished-at="2025-09-20T11:26:04 IST" duration-ms="2" status="PASS">
          <reporter-output>
          </reporter-output>
        </test-method> <!-- AfterMethod -->
        <test-method signature="cestCase3()[pri:2, instance:pack1.Class_1@77847718]" started-at="2025-09-20T11:26:04 IST" name="cestCase3" finished-at="2025-09-20T11:26:04 IST" duration-ms="3" status="PASS">
          <reporter-output>
          </reporter-output>
        </test-method> <!-- cestCase3 -->
        <test-method is-config="true" signature="BeforeMethod()[pri:0, instance:pack1.Class_1@77847718]" started-at="2025-09-20T11:26:04 IST" name="BeforeMethod" finished-at="2025-09-20T11:26:04 IST" duration-ms="0" status="PASS">
          <reporter-output>
          </reporter-output>
        </test-method> <!-- BeforeMethod -->
        <test-method is-config="true" signature="AfterMethod()[pri:0, instance:pack1.Class_1@77847718]" started-at="2025-09-20T11:26:04 IST" name="AfterMethod" finished-at="2025-09-20T11:26:04 IST" duration-ms="2" status="PASS">
          <reporter-output>
          </reporter-output>
        </test-method> <!-- AfterMethod -->
      </class> <!-- pack1.Class_1 -->
    </test> <!-- Default test -->
  </suite> <!-- Default suite -->
</testng-results>
