<?xml version="1.0" encoding="UTF-8"?>
<!-- Generated by org.testng.reporters.JUnitXMLReporter -->
<testsuite ignored="1" hostname="LATITUDE" failures="0" tests="5" name="Test2" time="0.067" errors="0" timestamp="2025-09-21T09:49:59 IST">
  <testcase classname="pack1.Class_2" name="TestCase5" time="0.003"/>
  <testcase classname="pack1.Class_2" name="TestCase4" time="0.004"/>
  <testcase classname="pack1.Class_1" name="testCase2" time="0.005"/>
  <testcase classname="pack1.Class_1" name="xestCase1" time="0.003"/>
  <testcase classname="pack1.Class_1" name="cestCase3" time="0.001"/>
  <testcase classname="pack1.Class_1" name="festCase3" time="0.0">
    <ignored/>
  </testcase> <!-- festCase3 -->
</testsuite> <!-- Test2 -->
