<?xml version="1.0" encoding="UTF-8"?>
<!-- Generated by org.testng.reporters.JUnitXMLReporter -->
<testsuite ignored="1" hostname="LATITUDE" failures="0" tests="5" name="Test Case Class" time="0.175" errors="0" timestamp="2025-09-21T09:42:29 IST">
  <testcase classname="pack1.Class_2" name="TestCase5" time="0.011"/>
  <testcase classname="pack1.Class_2" name="TestCase4" time="0.003"/>
  <testcase classname="pack1.Class_1" name="testCase2" time="0.003"/>
  <testcase classname="pack1.Class_1" name="xestCase1" time="0.002"/>
  <testcase classname="pack1.Class_1" name="cestCase3" time="0.002"/>
  <testcase classname="pack1.Class_1" name="festCase3" time="0.0">
    <ignored/>
  </testcase> <!-- festCase3 -->
</testsuite> <!-- Test Case Class -->
