<?xml version="1.0" encoding="UTF-8"?>
<!-- Generated by org.testng.reporters.JUnitXMLReporter -->
<testsuite ignored="1" hostname="LATITUDE" failures="0" tests="2" name="Default test" time="0.091" errors="0" timestamp="2025-09-20T11:26:04 IST">
  <testcase classname="pack1.Class_1" name="xestCase1" time="0.01"/>
  <testcase classname="pack1.Class_1" name="cestCase3" time="0.003"/>
  <testcase classname="pack1.Class_1" name="festCase3" time="0.0">
    <ignored/>
  </testcase> <!-- festCase3 -->
</testsuite> <!-- Default test -->
